C:\USERS\KRISTIANSENG\DOCUMENTS\VISUAL STUDIO 2012\PROJECTS\SPACESHIPSCANNER 2\SPACESHIPSCANNER 2\DEBUG\MAIN.OBJ
C:\USERS\KRISTIANSENG\DOCUMENTS\VISUAL STUDIO 2012\PROJECTS\SPACESHIPSCANNER 2\SPACESHIPSCANNER 2\DEBUG\VC110.PDB
C:\USERS\KRISTIANSENG\DOCUMENTS\VISUAL STUDIO 2012\PROJECTS\SPACESHIPSCANNER 2\DEBUG\SPACESHIPSCANNER 2.ILK
C:\USERS\KRISTIANSENG\DOCUMENTS\VISUAL STUDIO 2012\PROJECTS\SPACESHIPSCANNER 2\DEBUG\SPACESHIPSCANNER 2.EXE
C:\USERS\KRISTIANSENG\DOCUMENTS\VISUAL STUDIO 2012\PROJECTS\SPACESHIPSCANNER 2\DEBUG\SPACESHIPSCANNER 2.PDB
C:\USERS\KRISTIANSENG\DOCUMENTS\VISUAL STUDIO 2012\PROJECTS\SPACESHIPSCANNER 2\SPACESHIPSCANNER 2\DEBUG\SPACESHIPSCANNERGRAPHICS.RES
C:\Users\kristianseng\Documents\Visual Studio 2012\Projects\SpaceShipScanner 2\SpaceShipScanner 2\Debug\main.obj
C:\Users\kristianseng\Documents\Visual Studio 2012\Projects\SpaceShipScanner 2\SpaceShipScanner 2\Debug\cl.command.1.tlog
C:\Users\kristianseng\Documents\Visual Studio 2012\Projects\SpaceShipScanner 2\SpaceShipScanner 2\Debug\CL.read.1.tlog
C:\Users\kristianseng\Documents\Visual Studio 2012\Projects\SpaceShipScanner 2\SpaceShipScanner 2\Debug\CL.write.1.tlog
C:\Users\kristianseng\Documents\Visual Studio 2012\Projects\SpaceShipScanner 2\SpaceShipScanner 2\Debug\link-cvtres.read.1.tlog
C:\Users\kristianseng\Documents\Visual Studio 2012\Projects\SpaceShipScanner 2\SpaceShipScanner 2\Debug\link-cvtres.write.1.tlog
C:\Users\kristianseng\Documents\Visual Studio 2012\Projects\SpaceShipScanner 2\SpaceShipScanner 2\Debug\link-rc.read.1.tlog
C:\Users\kristianseng\Documents\Visual Studio 2012\Projects\SpaceShipScanner 2\SpaceShipScanner 2\Debug\link-rc.write.1.tlog
C:\Users\kristianseng\Documents\Visual Studio 2012\Projects\SpaceShipScanner 2\SpaceShipScanner 2\Debug\link.1004-cvtres.read.1.tlog
C:\Users\kristianseng\Documents\Visual Studio 2012\Projects\SpaceShipScanner 2\SpaceShipScanner 2\Debug\link.1004-cvtres.write.1.tlog
C:\Users\kristianseng\Documents\Visual Studio 2012\Projects\SpaceShipScanner 2\SpaceShipScanner 2\Debug\link.1004-rc.read.1.tlog
C:\Users\kristianseng\Documents\Visual Studio 2012\Projects\SpaceShipScanner 2\SpaceShipScanner 2\Debug\link.1004-rc.write.1.tlog
C:\Users\kristianseng\Documents\Visual Studio 2012\Projects\SpaceShipScanner 2\SpaceShipScanner 2\Debug\link.1004.read.1.tlog
C:\Users\kristianseng\Documents\Visual Studio 2012\Projects\SpaceShipScanner 2\SpaceShipScanner 2\Debug\link.1004.write.1.tlog
C:\Users\kristianseng\Documents\Visual Studio 2012\Projects\SpaceShipScanner 2\SpaceShipScanner 2\Debug\link.1048-cvtres.read.1.tlog
C:\Users\kristianseng\Documents\Visual Studio 2012\Projects\SpaceShipScanner 2\SpaceShipScanner 2\Debug\link.1048-cvtres.write.1.tlog
C:\Users\kristianseng\Documents\Visual Studio 2012\Projects\SpaceShipScanner 2\SpaceShipScanner 2\Debug\link.1048-rc.read.1.tlog
C:\Users\kristianseng\Documents\Visual Studio 2012\Projects\SpaceShipScanner 2\SpaceShipScanner 2\Debug\link.1048-rc.write.1.tlog
C:\Users\kristianseng\Documents\Visual Studio 2012\Projects\SpaceShipScanner 2\SpaceShipScanner 2\Debug\link.1048.read.1.tlog
C:\Users\kristianseng\Documents\Visual Studio 2012\Projects\SpaceShipScanner 2\SpaceShipScanner 2\Debug\link.1048.write.1.tlog
C:\Users\kristianseng\Documents\Visual Studio 2012\Projects\SpaceShipScanner 2\SpaceShipScanner 2\Debug\link.1080-cvtres.read.1.tlog
C:\Users\kristianseng\Documents\Visual Studio 2012\Projects\SpaceShipScanner 2\SpaceShipScanner 2\Debug\link.1080-cvtres.write.1.tlog
C:\Users\kristianseng\Documents\Visual Studio 2012\Projects\SpaceShipScanner 2\SpaceShipScanner 2\Debug\link.1080-rc.read.1.tlog
C:\Users\kristianseng\Documents\Visual Studio 2012\Projects\SpaceShipScanner 2\SpaceShipScanner 2\Debug\link.1080-rc.write.1.tlog
C:\Users\kristianseng\Documents\Visual Studio 2012\Projects\SpaceShipScanner 2\SpaceShipScanner 2\Debug\link.1080.read.1.tlog
C:\Users\kristianseng\Documents\Visual Studio 2012\Projects\SpaceShipScanner 2\SpaceShipScanner 2\Debug\link.1080.write.1.tlog
C:\Users\kristianseng\Documents\Visual Studio 2012\Projects\SpaceShipScanner 2\SpaceShipScanner 2\Debug\link.1248-cvtres.read.1.tlog
C:\Users\kristianseng\Documents\Visual Studio 2012\Projects\SpaceShipScanner 2\SpaceShipScanner 2\Debug\link.1248-cvtres.write.1.tlog
C:\Users\kristianseng\Documents\Visual Studio 2012\Projects\SpaceShipScanner 2\SpaceShipScanner 2\Debug\link.1248-rc.read.1.tlog
C:\Users\kristianseng\Documents\Visual Studio 2012\Projects\SpaceShipScanner 2\SpaceShipScanner 2\Debug\link.1248-rc.write.1.tlog
C:\Users\kristianseng\Documents\Visual Studio 2012\Projects\SpaceShipScanner 2\SpaceShipScanner 2\Debug\link.1248.read.1.tlog
C:\Users\kristianseng\Documents\Visual Studio 2012\Projects\SpaceShipScanner 2\SpaceShipScanner 2\Debug\link.1248.write.1.tlog
C:\Users\kristianseng\Documents\Visual Studio 2012\Projects\SpaceShipScanner 2\SpaceShipScanner 2\Debug\link.1864-cvtres.read.1.tlog
C:\Users\kristianseng\Documents\Visual Studio 2012\Projects\SpaceShipScanner 2\SpaceShipScanner 2\Debug\link.1864-cvtres.write.1.tlog
C:\Users\kristianseng\Documents\Visual Studio 2012\Projects\SpaceShipScanner 2\SpaceShipScanner 2\Debug\link.1864-rc.read.1.tlog
C:\Users\kristianseng\Documents\Visual Studio 2012\Projects\SpaceShipScanner 2\SpaceShipScanner 2\Debug\link.1864-rc.write.1.tlog
C:\Users\kristianseng\Documents\Visual Studio 2012\Projects\SpaceShipScanner 2\SpaceShipScanner 2\Debug\link.1864.read.1.tlog
C:\Users\kristianseng\Documents\Visual Studio 2012\Projects\SpaceShipScanner 2\SpaceShipScanner 2\Debug\link.1864.write.1.tlog
C:\Users\kristianseng\Documents\Visual Studio 2012\Projects\SpaceShipScanner 2\SpaceShipScanner 2\Debug\link.1932-cvtres.read.1.tlog
C:\Users\kristianseng\Documents\Visual Studio 2012\Projects\SpaceShipScanner 2\SpaceShipScanner 2\Debug\link.1932-cvtres.write.1.tlog
C:\Users\kristianseng\Documents\Visual Studio 2012\Projects\SpaceShipScanner 2\SpaceShipScanner 2\Debug\link.1932-rc.read.1.tlog
C:\Users\kristianseng\Documents\Visual Studio 2012\Projects\SpaceShipScanner 2\SpaceShipScanner 2\Debug\link.1932-rc.write.1.tlog
C:\Users\kristianseng\Documents\Visual Studio 2012\Projects\SpaceShipScanner 2\SpaceShipScanner 2\Debug\link.1932.read.1.tlog
C:\Users\kristianseng\Documents\Visual Studio 2012\Projects\SpaceShipScanner 2\SpaceShipScanner 2\Debug\link.1932.write.1.tlog
C:\Users\kristianseng\Documents\Visual Studio 2012\Projects\SpaceShipScanner 2\SpaceShipScanner 2\Debug\link.2004-cvtres.read.1.tlog
C:\Users\kristianseng\Documents\Visual Studio 2012\Projects\SpaceShipScanner 2\SpaceShipScanner 2\Debug\link.2004-cvtres.write.1.tlog
C:\Users\kristianseng\Documents\Visual Studio 2012\Projects\SpaceShipScanner 2\SpaceShipScanner 2\Debug\link.2004-rc.read.1.tlog
C:\Users\kristianseng\Documents\Visual Studio 2012\Projects\SpaceShipScanner 2\SpaceShipScanner 2\Debug\link.2004-rc.write.1.tlog
C:\Users\kristianseng\Documents\Visual Studio 2012\Projects\SpaceShipScanner 2\SpaceShipScanner 2\Debug\link.2004.read.1.tlog
C:\Users\kristianseng\Documents\Visual Studio 2012\Projects\SpaceShipScanner 2\SpaceShipScanner 2\Debug\link.2004.write.1.tlog
C:\Users\kristianseng\Documents\Visual Studio 2012\Projects\SpaceShipScanner 2\SpaceShipScanner 2\Debug\link.2024-cvtres.read.1.tlog
C:\Users\kristianseng\Documents\Visual Studio 2012\Projects\SpaceShipScanner 2\SpaceShipScanner 2\Debug\link.2024-cvtres.write.1.tlog
C:\Users\kristianseng\Documents\Visual Studio 2012\Projects\SpaceShipScanner 2\SpaceShipScanner 2\Debug\link.2024-rc.read.1.tlog
C:\Users\kristianseng\Documents\Visual Studio 2012\Projects\SpaceShipScanner 2\SpaceShipScanner 2\Debug\link.2024-rc.write.1.tlog
C:\Users\kristianseng\Documents\Visual Studio 2012\Projects\SpaceShipScanner 2\SpaceShipScanner 2\Debug\link.2024.read.1.tlog
C:\Users\kristianseng\Documents\Visual Studio 2012\Projects\SpaceShipScanner 2\SpaceShipScanner 2\Debug\link.2024.write.1.tlog
C:\Users\kristianseng\Documents\Visual Studio 2012\Projects\SpaceShipScanner 2\SpaceShipScanner 2\Debug\link.2320-cvtres.read.1.tlog
C:\Users\kristianseng\Documents\Visual Studio 2012\Projects\SpaceShipScanner 2\SpaceShipScanner 2\Debug\link.2320-cvtres.write.1.tlog
C:\Users\kristianseng\Documents\Visual Studio 2012\Projects\SpaceShipScanner 2\SpaceShipScanner 2\Debug\link.2320-rc.read.1.tlog
C:\Users\kristianseng\Documents\Visual Studio 2012\Projects\SpaceShipScanner 2\SpaceShipScanner 2\Debug\link.2320-rc.write.1.tlog
C:\Users\kristianseng\Documents\Visual Studio 2012\Projects\SpaceShipScanner 2\SpaceShipScanner 2\Debug\link.2320.read.1.tlog
C:\Users\kristianseng\Documents\Visual Studio 2012\Projects\SpaceShipScanner 2\SpaceShipScanner 2\Debug\link.2320.write.1.tlog
C:\Users\kristianseng\Documents\Visual Studio 2012\Projects\SpaceShipScanner 2\SpaceShipScanner 2\Debug\link.248-cvtres.read.1.tlog
C:\Users\kristianseng\Documents\Visual Studio 2012\Projects\SpaceShipScanner 2\SpaceShipScanner 2\Debug\link.248-cvtres.write.1.tlog
C:\Users\kristianseng\Documents\Visual Studio 2012\Projects\SpaceShipScanner 2\SpaceShipScanner 2\Debug\link.248-rc.read.1.tlog
C:\Users\kristianseng\Documents\Visual Studio 2012\Projects\SpaceShipScanner 2\SpaceShipScanner 2\Debug\link.248-rc.write.1.tlog
C:\Users\kristianseng\Documents\Visual Studio 2012\Projects\SpaceShipScanner 2\SpaceShipScanner 2\Debug\link.248.read.1.tlog
C:\Users\kristianseng\Documents\Visual Studio 2012\Projects\SpaceShipScanner 2\SpaceShipScanner 2\Debug\link.248.write.1.tlog
C:\Users\kristianseng\Documents\Visual Studio 2012\Projects\SpaceShipScanner 2\SpaceShipScanner 2\Debug\link.2492-cvtres.read.1.tlog
C:\Users\kristianseng\Documents\Visual Studio 2012\Projects\SpaceShipScanner 2\SpaceShipScanner 2\Debug\link.2492-cvtres.write.1.tlog
C:\Users\kristianseng\Documents\Visual Studio 2012\Projects\SpaceShipScanner 2\SpaceShipScanner 2\Debug\link.2492-rc.read.1.tlog
C:\Users\kristianseng\Documents\Visual Studio 2012\Projects\SpaceShipScanner 2\SpaceShipScanner 2\Debug\link.2492-rc.write.1.tlog
C:\Users\kristianseng\Documents\Visual Studio 2012\Projects\SpaceShipScanner 2\SpaceShipScanner 2\Debug\link.2492.read.1.tlog
C:\Users\kristianseng\Documents\Visual Studio 2012\Projects\SpaceShipScanner 2\SpaceShipScanner 2\Debug\link.2492.write.1.tlog
C:\Users\kristianseng\Documents\Visual Studio 2012\Projects\SpaceShipScanner 2\SpaceShipScanner 2\Debug\link.2516-cvtres.read.1.tlog
C:\Users\kristianseng\Documents\Visual Studio 2012\Projects\SpaceShipScanner 2\SpaceShipScanner 2\Debug\link.2516-cvtres.write.1.tlog
C:\Users\kristianseng\Documents\Visual Studio 2012\Projects\SpaceShipScanner 2\SpaceShipScanner 2\Debug\link.2516-rc.read.1.tlog
C:\Users\kristianseng\Documents\Visual Studio 2012\Projects\SpaceShipScanner 2\SpaceShipScanner 2\Debug\link.2516-rc.write.1.tlog
C:\Users\kristianseng\Documents\Visual Studio 2012\Projects\SpaceShipScanner 2\SpaceShipScanner 2\Debug\link.2516.read.1.tlog
C:\Users\kristianseng\Documents\Visual Studio 2012\Projects\SpaceShipScanner 2\SpaceShipScanner 2\Debug\link.2516.write.1.tlog
C:\Users\kristianseng\Documents\Visual Studio 2012\Projects\SpaceShipScanner 2\SpaceShipScanner 2\Debug\link.2584-cvtres.read.1.tlog
C:\Users\kristianseng\Documents\Visual Studio 2012\Projects\SpaceShipScanner 2\SpaceShipScanner 2\Debug\link.2584-cvtres.write.1.tlog
C:\Users\kristianseng\Documents\Visual Studio 2012\Projects\SpaceShipScanner 2\SpaceShipScanner 2\Debug\link.2584-rc.read.1.tlog
C:\Users\kristianseng\Documents\Visual Studio 2012\Projects\SpaceShipScanner 2\SpaceShipScanner 2\Debug\link.2584-rc.write.1.tlog
C:\Users\kristianseng\Documents\Visual Studio 2012\Projects\SpaceShipScanner 2\SpaceShipScanner 2\Debug\link.2584.read.1.tlog
C:\Users\kristianseng\Documents\Visual Studio 2012\Projects\SpaceShipScanner 2\SpaceShipScanner 2\Debug\link.2584.write.1.tlog
C:\Users\kristianseng\Documents\Visual Studio 2012\Projects\SpaceShipScanner 2\SpaceShipScanner 2\Debug\link.2752-cvtres.read.1.tlog
C:\Users\kristianseng\Documents\Visual Studio 2012\Projects\SpaceShipScanner 2\SpaceShipScanner 2\Debug\link.2752-cvtres.write.1.tlog
C:\Users\kristianseng\Documents\Visual Studio 2012\Projects\SpaceShipScanner 2\SpaceShipScanner 2\Debug\link.2752-rc.read.1.tlog
C:\Users\kristianseng\Documents\Visual Studio 2012\Projects\SpaceShipScanner 2\SpaceShipScanner 2\Debug\link.2752-rc.write.1.tlog
C:\Users\kristianseng\Documents\Visual Studio 2012\Projects\SpaceShipScanner 2\SpaceShipScanner 2\Debug\link.2752.read.1.tlog
C:\Users\kristianseng\Documents\Visual Studio 2012\Projects\SpaceShipScanner 2\SpaceShipScanner 2\Debug\link.2752.write.1.tlog
C:\Users\kristianseng\Documents\Visual Studio 2012\Projects\SpaceShipScanner 2\SpaceShipScanner 2\Debug\link.284-cvtres.read.1.tlog
C:\Users\kristianseng\Documents\Visual Studio 2012\Projects\SpaceShipScanner 2\SpaceShipScanner 2\Debug\link.284-cvtres.write.1.tlog
C:\Users\kristianseng\Documents\Visual Studio 2012\Projects\SpaceShipScanner 2\SpaceShipScanner 2\Debug\link.284-rc.read.1.tlog
C:\Users\kristianseng\Documents\Visual Studio 2012\Projects\SpaceShipScanner 2\SpaceShipScanner 2\Debug\link.284-rc.write.1.tlog
C:\Users\kristianseng\Documents\Visual Studio 2012\Projects\SpaceShipScanner 2\SpaceShipScanner 2\Debug\link.284.read.1.tlog
C:\Users\kristianseng\Documents\Visual Studio 2012\Projects\SpaceShipScanner 2\SpaceShipScanner 2\Debug\link.284.write.1.tlog
C:\Users\kristianseng\Documents\Visual Studio 2012\Projects\SpaceShipScanner 2\SpaceShipScanner 2\Debug\link.3076-cvtres.read.1.tlog
C:\Users\kristianseng\Documents\Visual Studio 2012\Projects\SpaceShipScanner 2\SpaceShipScanner 2\Debug\link.3076-cvtres.write.1.tlog
C:\Users\kristianseng\Documents\Visual Studio 2012\Projects\SpaceShipScanner 2\SpaceShipScanner 2\Debug\link.3076-rc.read.1.tlog
C:\Users\kristianseng\Documents\Visual Studio 2012\Projects\SpaceShipScanner 2\SpaceShipScanner 2\Debug\link.3076-rc.write.1.tlog
C:\Users\kristianseng\Documents\Visual Studio 2012\Projects\SpaceShipScanner 2\SpaceShipScanner 2\Debug\link.3076.read.1.tlog
C:\Users\kristianseng\Documents\Visual Studio 2012\Projects\SpaceShipScanner 2\SpaceShipScanner 2\Debug\link.3076.write.1.tlog
C:\Users\kristianseng\Documents\Visual Studio 2012\Projects\SpaceShipScanner 2\SpaceShipScanner 2\Debug\link.3136-cvtres.read.1.tlog
C:\Users\kristianseng\Documents\Visual Studio 2012\Projects\SpaceShipScanner 2\SpaceShipScanner 2\Debug\link.3136-cvtres.write.1.tlog
C:\Users\kristianseng\Documents\Visual Studio 2012\Projects\SpaceShipScanner 2\SpaceShipScanner 2\Debug\link.3136-rc.read.1.tlog
C:\Users\kristianseng\Documents\Visual Studio 2012\Projects\SpaceShipScanner 2\SpaceShipScanner 2\Debug\link.3136-rc.write.1.tlog
C:\Users\kristianseng\Documents\Visual Studio 2012\Projects\SpaceShipScanner 2\SpaceShipScanner 2\Debug\link.3136.read.1.tlog
C:\Users\kristianseng\Documents\Visual Studio 2012\Projects\SpaceShipScanner 2\SpaceShipScanner 2\Debug\link.3136.write.1.tlog
C:\Users\kristianseng\Documents\Visual Studio 2012\Projects\SpaceShipScanner 2\SpaceShipScanner 2\Debug\link.3152-cvtres.read.1.tlog
C:\Users\kristianseng\Documents\Visual Studio 2012\Projects\SpaceShipScanner 2\SpaceShipScanner 2\Debug\link.3152-cvtres.write.1.tlog
C:\Users\kristianseng\Documents\Visual Studio 2012\Projects\SpaceShipScanner 2\SpaceShipScanner 2\Debug\link.3152-rc.read.1.tlog
C:\Users\kristianseng\Documents\Visual Studio 2012\Projects\SpaceShipScanner 2\SpaceShipScanner 2\Debug\link.3152-rc.write.1.tlog
C:\Users\kristianseng\Documents\Visual Studio 2012\Projects\SpaceShipScanner 2\SpaceShipScanner 2\Debug\link.3152.read.1.tlog
C:\Users\kristianseng\Documents\Visual Studio 2012\Projects\SpaceShipScanner 2\SpaceShipScanner 2\Debug\link.3152.write.1.tlog
C:\Users\kristianseng\Documents\Visual Studio 2012\Projects\SpaceShipScanner 2\SpaceShipScanner 2\Debug\link.3288-cvtres.read.1.tlog
C:\Users\kristianseng\Documents\Visual Studio 2012\Projects\SpaceShipScanner 2\SpaceShipScanner 2\Debug\link.3288-cvtres.write.1.tlog
C:\Users\kristianseng\Documents\Visual Studio 2012\Projects\SpaceShipScanner 2\SpaceShipScanner 2\Debug\link.3288-rc.read.1.tlog
C:\Users\kristianseng\Documents\Visual Studio 2012\Projects\SpaceShipScanner 2\SpaceShipScanner 2\Debug\link.3288-rc.write.1.tlog
C:\Users\kristianseng\Documents\Visual Studio 2012\Projects\SpaceShipScanner 2\SpaceShipScanner 2\Debug\link.3288.read.1.tlog
C:\Users\kristianseng\Documents\Visual Studio 2012\Projects\SpaceShipScanner 2\SpaceShipScanner 2\Debug\link.3288.write.1.tlog
C:\Users\kristianseng\Documents\Visual Studio 2012\Projects\SpaceShipScanner 2\SpaceShipScanner 2\Debug\link.3452-cvtres.read.1.tlog
C:\Users\kristianseng\Documents\Visual Studio 2012\Projects\SpaceShipScanner 2\SpaceShipScanner 2\Debug\link.3452-cvtres.write.1.tlog
C:\Users\kristianseng\Documents\Visual Studio 2012\Projects\SpaceShipScanner 2\SpaceShipScanner 2\Debug\link.3452-rc.read.1.tlog
C:\Users\kristianseng\Documents\Visual Studio 2012\Projects\SpaceShipScanner 2\SpaceShipScanner 2\Debug\link.3452-rc.write.1.tlog
C:\Users\kristianseng\Documents\Visual Studio 2012\Projects\SpaceShipScanner 2\SpaceShipScanner 2\Debug\link.3452.read.1.tlog
C:\Users\kristianseng\Documents\Visual Studio 2012\Projects\SpaceShipScanner 2\SpaceShipScanner 2\Debug\link.3452.write.1.tlog
C:\Users\kristianseng\Documents\Visual Studio 2012\Projects\SpaceShipScanner 2\SpaceShipScanner 2\Debug\link.3508-cvtres.read.1.tlog
C:\Users\kristianseng\Documents\Visual Studio 2012\Projects\SpaceShipScanner 2\SpaceShipScanner 2\Debug\link.3508-cvtres.write.1.tlog
C:\Users\kristianseng\Documents\Visual Studio 2012\Projects\SpaceShipScanner 2\SpaceShipScanner 2\Debug\link.3508-rc.read.1.tlog
C:\Users\kristianseng\Documents\Visual Studio 2012\Projects\SpaceShipScanner 2\SpaceShipScanner 2\Debug\link.3508-rc.write.1.tlog
C:\Users\kristianseng\Documents\Visual Studio 2012\Projects\SpaceShipScanner 2\SpaceShipScanner 2\Debug\link.3508.read.1.tlog
C:\Users\kristianseng\Documents\Visual Studio 2012\Projects\SpaceShipScanner 2\SpaceShipScanner 2\Debug\link.3508.write.1.tlog
C:\Users\kristianseng\Documents\Visual Studio 2012\Projects\SpaceShipScanner 2\SpaceShipScanner 2\Debug\link.3576-cvtres.read.1.tlog
C:\Users\kristianseng\Documents\Visual Studio 2012\Projects\SpaceShipScanner 2\SpaceShipScanner 2\Debug\link.3576-cvtres.write.1.tlog
C:\Users\kristianseng\Documents\Visual Studio 2012\Projects\SpaceShipScanner 2\SpaceShipScanner 2\Debug\link.3576-rc.read.1.tlog
C:\Users\kristianseng\Documents\Visual Studio 2012\Projects\SpaceShipScanner 2\SpaceShipScanner 2\Debug\link.3576-rc.write.1.tlog
C:\Users\kristianseng\Documents\Visual Studio 2012\Projects\SpaceShipScanner 2\SpaceShipScanner 2\Debug\link.3576.read.1.tlog
C:\Users\kristianseng\Documents\Visual Studio 2012\Projects\SpaceShipScanner 2\SpaceShipScanner 2\Debug\link.3576.write.1.tlog
C:\Users\kristianseng\Documents\Visual Studio 2012\Projects\SpaceShipScanner 2\SpaceShipScanner 2\Debug\link.3600-cvtres.read.1.tlog
C:\Users\kristianseng\Documents\Visual Studio 2012\Projects\SpaceShipScanner 2\SpaceShipScanner 2\Debug\link.3600-cvtres.write.1.tlog
C:\Users\kristianseng\Documents\Visual Studio 2012\Projects\SpaceShipScanner 2\SpaceShipScanner 2\Debug\link.3600-rc.read.1.tlog
C:\Users\kristianseng\Documents\Visual Studio 2012\Projects\SpaceShipScanner 2\SpaceShipScanner 2\Debug\link.3600-rc.write.1.tlog
C:\Users\kristianseng\Documents\Visual Studio 2012\Projects\SpaceShipScanner 2\SpaceShipScanner 2\Debug\link.3600.read.1.tlog
C:\Users\kristianseng\Documents\Visual Studio 2012\Projects\SpaceShipScanner 2\SpaceShipScanner 2\Debug\link.3600.write.1.tlog
C:\Users\kristianseng\Documents\Visual Studio 2012\Projects\SpaceShipScanner 2\SpaceShipScanner 2\Debug\link.3716-cvtres.read.1.tlog
C:\Users\kristianseng\Documents\Visual Studio 2012\Projects\SpaceShipScanner 2\SpaceShipScanner 2\Debug\link.3716-cvtres.write.1.tlog
C:\Users\kristianseng\Documents\Visual Studio 2012\Projects\SpaceShipScanner 2\SpaceShipScanner 2\Debug\link.3716-rc.read.1.tlog
C:\Users\kristianseng\Documents\Visual Studio 2012\Projects\SpaceShipScanner 2\SpaceShipScanner 2\Debug\link.3716-rc.write.1.tlog
C:\Users\kristianseng\Documents\Visual Studio 2012\Projects\SpaceShipScanner 2\SpaceShipScanner 2\Debug\link.3716.read.1.tlog
C:\Users\kristianseng\Documents\Visual Studio 2012\Projects\SpaceShipScanner 2\SpaceShipScanner 2\Debug\link.3716.write.1.tlog
C:\Users\kristianseng\Documents\Visual Studio 2012\Projects\SpaceShipScanner 2\SpaceShipScanner 2\Debug\link.3780-cvtres.read.1.tlog
C:\Users\kristianseng\Documents\Visual Studio 2012\Projects\SpaceShipScanner 2\SpaceShipScanner 2\Debug\link.3780-cvtres.write.1.tlog
C:\Users\kristianseng\Documents\Visual Studio 2012\Projects\SpaceShipScanner 2\SpaceShipScanner 2\Debug\link.3780-rc.read.1.tlog
C:\Users\kristianseng\Documents\Visual Studio 2012\Projects\SpaceShipScanner 2\SpaceShipScanner 2\Debug\link.3780-rc.write.1.tlog
C:\Users\kristianseng\Documents\Visual Studio 2012\Projects\SpaceShipScanner 2\SpaceShipScanner 2\Debug\link.3780.read.1.tlog
C:\Users\kristianseng\Documents\Visual Studio 2012\Projects\SpaceShipScanner 2\SpaceShipScanner 2\Debug\link.3780.write.1.tlog
C:\Users\kristianseng\Documents\Visual Studio 2012\Projects\SpaceShipScanner 2\SpaceShipScanner 2\Debug\link.3836-cvtres.read.1.tlog
C:\Users\kristianseng\Documents\Visual Studio 2012\Projects\SpaceShipScanner 2\SpaceShipScanner 2\Debug\link.3836-cvtres.write.1.tlog
C:\Users\kristianseng\Documents\Visual Studio 2012\Projects\SpaceShipScanner 2\SpaceShipScanner 2\Debug\link.3836-rc.read.1.tlog
C:\Users\kristianseng\Documents\Visual Studio 2012\Projects\SpaceShipScanner 2\SpaceShipScanner 2\Debug\link.3836-rc.write.1.tlog
C:\Users\kristianseng\Documents\Visual Studio 2012\Projects\SpaceShipScanner 2\SpaceShipScanner 2\Debug\link.3836.read.1.tlog
C:\Users\kristianseng\Documents\Visual Studio 2012\Projects\SpaceShipScanner 2\SpaceShipScanner 2\Debug\link.3836.write.1.tlog
C:\Users\kristianseng\Documents\Visual Studio 2012\Projects\SpaceShipScanner 2\SpaceShipScanner 2\Debug\link.3996-cvtres.read.1.tlog
C:\Users\kristianseng\Documents\Visual Studio 2012\Projects\SpaceShipScanner 2\SpaceShipScanner 2\Debug\link.3996-cvtres.write.1.tlog
C:\Users\kristianseng\Documents\Visual Studio 2012\Projects\SpaceShipScanner 2\SpaceShipScanner 2\Debug\link.3996-rc.read.1.tlog
C:\Users\kristianseng\Documents\Visual Studio 2012\Projects\SpaceShipScanner 2\SpaceShipScanner 2\Debug\link.3996-rc.write.1.tlog
C:\Users\kristianseng\Documents\Visual Studio 2012\Projects\SpaceShipScanner 2\SpaceShipScanner 2\Debug\link.3996.read.1.tlog
C:\Users\kristianseng\Documents\Visual Studio 2012\Projects\SpaceShipScanner 2\SpaceShipScanner 2\Debug\link.3996.write.1.tlog
C:\Users\kristianseng\Documents\Visual Studio 2012\Projects\SpaceShipScanner 2\SpaceShipScanner 2\Debug\link.4140-cvtres.read.1.tlog
C:\Users\kristianseng\Documents\Visual Studio 2012\Projects\SpaceShipScanner 2\SpaceShipScanner 2\Debug\link.4140-cvtres.write.1.tlog
C:\Users\kristianseng\Documents\Visual Studio 2012\Projects\SpaceShipScanner 2\SpaceShipScanner 2\Debug\link.4140-rc.read.1.tlog
C:\Users\kristianseng\Documents\Visual Studio 2012\Projects\SpaceShipScanner 2\SpaceShipScanner 2\Debug\link.4140-rc.write.1.tlog
C:\Users\kristianseng\Documents\Visual Studio 2012\Projects\SpaceShipScanner 2\SpaceShipScanner 2\Debug\link.4140.read.1.tlog
C:\Users\kristianseng\Documents\Visual Studio 2012\Projects\SpaceShipScanner 2\SpaceShipScanner 2\Debug\link.4140.write.1.tlog
C:\Users\kristianseng\Documents\Visual Studio 2012\Projects\SpaceShipScanner 2\SpaceShipScanner 2\Debug\link.4152-cvtres.read.1.tlog
C:\Users\kristianseng\Documents\Visual Studio 2012\Projects\SpaceShipScanner 2\SpaceShipScanner 2\Debug\link.4152-cvtres.write.1.tlog
C:\Users\kristianseng\Documents\Visual Studio 2012\Projects\SpaceShipScanner 2\SpaceShipScanner 2\Debug\link.4152-rc.read.1.tlog
C:\Users\kristianseng\Documents\Visual Studio 2012\Projects\SpaceShipScanner 2\SpaceShipScanner 2\Debug\link.4152-rc.write.1.tlog
C:\Users\kristianseng\Documents\Visual Studio 2012\Projects\SpaceShipScanner 2\SpaceShipScanner 2\Debug\link.4152.read.1.tlog
C:\Users\kristianseng\Documents\Visual Studio 2012\Projects\SpaceShipScanner 2\SpaceShipScanner 2\Debug\link.4152.write.1.tlog
C:\Users\kristianseng\Documents\Visual Studio 2012\Projects\SpaceShipScanner 2\SpaceShipScanner 2\Debug\link.4292-cvtres.read.1.tlog
C:\Users\kristianseng\Documents\Visual Studio 2012\Projects\SpaceShipScanner 2\SpaceShipScanner 2\Debug\link.4292-cvtres.write.1.tlog
C:\Users\kristianseng\Documents\Visual Studio 2012\Projects\SpaceShipScanner 2\SpaceShipScanner 2\Debug\link.4292-rc.read.1.tlog
C:\Users\kristianseng\Documents\Visual Studio 2012\Projects\SpaceShipScanner 2\SpaceShipScanner 2\Debug\link.4292-rc.write.1.tlog
C:\Users\kristianseng\Documents\Visual Studio 2012\Projects\SpaceShipScanner 2\SpaceShipScanner 2\Debug\link.4292.read.1.tlog
C:\Users\kristianseng\Documents\Visual Studio 2012\Projects\SpaceShipScanner 2\SpaceShipScanner 2\Debug\link.4292.write.1.tlog
C:\Users\kristianseng\Documents\Visual Studio 2012\Projects\SpaceShipScanner 2\SpaceShipScanner 2\Debug\link.4572-cvtres.read.1.tlog
C:\Users\kristianseng\Documents\Visual Studio 2012\Projects\SpaceShipScanner 2\SpaceShipScanner 2\Debug\link.4572-cvtres.write.1.tlog
C:\Users\kristianseng\Documents\Visual Studio 2012\Projects\SpaceShipScanner 2\SpaceShipScanner 2\Debug\link.4572-rc.read.1.tlog
C:\Users\kristianseng\Documents\Visual Studio 2012\Projects\SpaceShipScanner 2\SpaceShipScanner 2\Debug\link.4572-rc.write.1.tlog
C:\Users\kristianseng\Documents\Visual Studio 2012\Projects\SpaceShipScanner 2\SpaceShipScanner 2\Debug\link.4572.read.1.tlog
C:\Users\kristianseng\Documents\Visual Studio 2012\Projects\SpaceShipScanner 2\SpaceShipScanner 2\Debug\link.4572.write.1.tlog
C:\Users\kristianseng\Documents\Visual Studio 2012\Projects\SpaceShipScanner 2\SpaceShipScanner 2\Debug\link.4652-cvtres.read.1.tlog
C:\Users\kristianseng\Documents\Visual Studio 2012\Projects\SpaceShipScanner 2\SpaceShipScanner 2\Debug\link.4652-cvtres.write.1.tlog
C:\Users\kristianseng\Documents\Visual Studio 2012\Projects\SpaceShipScanner 2\SpaceShipScanner 2\Debug\link.4652-rc.read.1.tlog
C:\Users\kristianseng\Documents\Visual Studio 2012\Projects\SpaceShipScanner 2\SpaceShipScanner 2\Debug\link.4652-rc.write.1.tlog
C:\Users\kristianseng\Documents\Visual Studio 2012\Projects\SpaceShipScanner 2\SpaceShipScanner 2\Debug\link.4652.read.1.tlog
C:\Users\kristianseng\Documents\Visual Studio 2012\Projects\SpaceShipScanner 2\SpaceShipScanner 2\Debug\link.4652.write.1.tlog
C:\Users\kristianseng\Documents\Visual Studio 2012\Projects\SpaceShipScanner 2\SpaceShipScanner 2\Debug\link.4680-cvtres.read.1.tlog
C:\Users\kristianseng\Documents\Visual Studio 2012\Projects\SpaceShipScanner 2\SpaceShipScanner 2\Debug\link.4680-cvtres.write.1.tlog
C:\Users\kristianseng\Documents\Visual Studio 2012\Projects\SpaceShipScanner 2\SpaceShipScanner 2\Debug\link.4680-rc.read.1.tlog
C:\Users\kristianseng\Documents\Visual Studio 2012\Projects\SpaceShipScanner 2\SpaceShipScanner 2\Debug\link.4680-rc.write.1.tlog
C:\Users\kristianseng\Documents\Visual Studio 2012\Projects\SpaceShipScanner 2\SpaceShipScanner 2\Debug\link.4680.read.1.tlog
C:\Users\kristianseng\Documents\Visual Studio 2012\Projects\SpaceShipScanner 2\SpaceShipScanner 2\Debug\link.4680.write.1.tlog
C:\Users\kristianseng\Documents\Visual Studio 2012\Projects\SpaceShipScanner 2\SpaceShipScanner 2\Debug\link.4792-cvtres.read.1.tlog
C:\Users\kristianseng\Documents\Visual Studio 2012\Projects\SpaceShipScanner 2\SpaceShipScanner 2\Debug\link.4792-cvtres.write.1.tlog
C:\Users\kristianseng\Documents\Visual Studio 2012\Projects\SpaceShipScanner 2\SpaceShipScanner 2\Debug\link.4792-rc.read.1.tlog
C:\Users\kristianseng\Documents\Visual Studio 2012\Projects\SpaceShipScanner 2\SpaceShipScanner 2\Debug\link.4792-rc.write.1.tlog
C:\Users\kristianseng\Documents\Visual Studio 2012\Projects\SpaceShipScanner 2\SpaceShipScanner 2\Debug\link.4792.read.1.tlog
C:\Users\kristianseng\Documents\Visual Studio 2012\Projects\SpaceShipScanner 2\SpaceShipScanner 2\Debug\link.4792.write.1.tlog
C:\Users\kristianseng\Documents\Visual Studio 2012\Projects\SpaceShipScanner 2\SpaceShipScanner 2\Debug\link.4804-cvtres.read.1.tlog
C:\Users\kristianseng\Documents\Visual Studio 2012\Projects\SpaceShipScanner 2\SpaceShipScanner 2\Debug\link.4804-cvtres.write.1.tlog
C:\Users\kristianseng\Documents\Visual Studio 2012\Projects\SpaceShipScanner 2\SpaceShipScanner 2\Debug\link.4804-rc.read.1.tlog
C:\Users\kristianseng\Documents\Visual Studio 2012\Projects\SpaceShipScanner 2\SpaceShipScanner 2\Debug\link.4804-rc.write.1.tlog
C:\Users\kristianseng\Documents\Visual Studio 2012\Projects\SpaceShipScanner 2\SpaceShipScanner 2\Debug\link.4804.read.1.tlog
C:\Users\kristianseng\Documents\Visual Studio 2012\Projects\SpaceShipScanner 2\SpaceShipScanner 2\Debug\link.4804.write.1.tlog
C:\Users\kristianseng\Documents\Visual Studio 2012\Projects\SpaceShipScanner 2\SpaceShipScanner 2\Debug\link.4828-cvtres.read.1.tlog
C:\Users\kristianseng\Documents\Visual Studio 2012\Projects\SpaceShipScanner 2\SpaceShipScanner 2\Debug\link.4828-cvtres.write.1.tlog
C:\Users\kristianseng\Documents\Visual Studio 2012\Projects\SpaceShipScanner 2\SpaceShipScanner 2\Debug\link.4828-rc.read.1.tlog
C:\Users\kristianseng\Documents\Visual Studio 2012\Projects\SpaceShipScanner 2\SpaceShipScanner 2\Debug\link.4828-rc.write.1.tlog
C:\Users\kristianseng\Documents\Visual Studio 2012\Projects\SpaceShipScanner 2\SpaceShipScanner 2\Debug\link.4828.read.1.tlog
C:\Users\kristianseng\Documents\Visual Studio 2012\Projects\SpaceShipScanner 2\SpaceShipScanner 2\Debug\link.4828.write.1.tlog
C:\Users\kristianseng\Documents\Visual Studio 2012\Projects\SpaceShipScanner 2\SpaceShipScanner 2\Debug\link.4832-cvtres.read.1.tlog
C:\Users\kristianseng\Documents\Visual Studio 2012\Projects\SpaceShipScanner 2\SpaceShipScanner 2\Debug\link.4832-cvtres.write.1.tlog
C:\Users\kristianseng\Documents\Visual Studio 2012\Projects\SpaceShipScanner 2\SpaceShipScanner 2\Debug\link.4832-rc.read.1.tlog
C:\Users\kristianseng\Documents\Visual Studio 2012\Projects\SpaceShipScanner 2\SpaceShipScanner 2\Debug\link.4832-rc.write.1.tlog
C:\Users\kristianseng\Documents\Visual Studio 2012\Projects\SpaceShipScanner 2\SpaceShipScanner 2\Debug\link.4832.read.1.tlog
C:\Users\kristianseng\Documents\Visual Studio 2012\Projects\SpaceShipScanner 2\SpaceShipScanner 2\Debug\link.4832.write.1.tlog
C:\Users\kristianseng\Documents\Visual Studio 2012\Projects\SpaceShipScanner 2\SpaceShipScanner 2\Debug\link.4948-cvtres.read.1.tlog
C:\Users\kristianseng\Documents\Visual Studio 2012\Projects\SpaceShipScanner 2\SpaceShipScanner 2\Debug\link.4948-cvtres.write.1.tlog
C:\Users\kristianseng\Documents\Visual Studio 2012\Projects\SpaceShipScanner 2\SpaceShipScanner 2\Debug\link.4948-rc.read.1.tlog
C:\Users\kristianseng\Documents\Visual Studio 2012\Projects\SpaceShipScanner 2\SpaceShipScanner 2\Debug\link.4948-rc.write.1.tlog
C:\Users\kristianseng\Documents\Visual Studio 2012\Projects\SpaceShipScanner 2\SpaceShipScanner 2\Debug\link.4948.read.1.tlog
C:\Users\kristianseng\Documents\Visual Studio 2012\Projects\SpaceShipScanner 2\SpaceShipScanner 2\Debug\link.4948.write.1.tlog
C:\Users\kristianseng\Documents\Visual Studio 2012\Projects\SpaceShipScanner 2\SpaceShipScanner 2\Debug\link.5040-cvtres.read.1.tlog
C:\Users\kristianseng\Documents\Visual Studio 2012\Projects\SpaceShipScanner 2\SpaceShipScanner 2\Debug\link.5040-cvtres.write.1.tlog
C:\Users\kristianseng\Documents\Visual Studio 2012\Projects\SpaceShipScanner 2\SpaceShipScanner 2\Debug\link.5040-rc.read.1.tlog
C:\Users\kristianseng\Documents\Visual Studio 2012\Projects\SpaceShipScanner 2\SpaceShipScanner 2\Debug\link.5040-rc.write.1.tlog
C:\Users\kristianseng\Documents\Visual Studio 2012\Projects\SpaceShipScanner 2\SpaceShipScanner 2\Debug\link.5040.read.1.tlog
C:\Users\kristianseng\Documents\Visual Studio 2012\Projects\SpaceShipScanner 2\SpaceShipScanner 2\Debug\link.5040.write.1.tlog
C:\Users\kristianseng\Documents\Visual Studio 2012\Projects\SpaceShipScanner 2\SpaceShipScanner 2\Debug\link.5108-cvtres.read.1.tlog
C:\Users\kristianseng\Documents\Visual Studio 2012\Projects\SpaceShipScanner 2\SpaceShipScanner 2\Debug\link.5108-cvtres.write.1.tlog
C:\Users\kristianseng\Documents\Visual Studio 2012\Projects\SpaceShipScanner 2\SpaceShipScanner 2\Debug\link.5108-rc.read.1.tlog
C:\Users\kristianseng\Documents\Visual Studio 2012\Projects\SpaceShipScanner 2\SpaceShipScanner 2\Debug\link.5108-rc.write.1.tlog
C:\Users\kristianseng\Documents\Visual Studio 2012\Projects\SpaceShipScanner 2\SpaceShipScanner 2\Debug\link.5108.read.1.tlog
C:\Users\kristianseng\Documents\Visual Studio 2012\Projects\SpaceShipScanner 2\SpaceShipScanner 2\Debug\link.5108.write.1.tlog
C:\Users\kristianseng\Documents\Visual Studio 2012\Projects\SpaceShipScanner 2\SpaceShipScanner 2\Debug\link.5172-cvtres.read.1.tlog
C:\Users\kristianseng\Documents\Visual Studio 2012\Projects\SpaceShipScanner 2\SpaceShipScanner 2\Debug\link.5172-cvtres.write.1.tlog
C:\Users\kristianseng\Documents\Visual Studio 2012\Projects\SpaceShipScanner 2\SpaceShipScanner 2\Debug\link.5172-rc.read.1.tlog
C:\Users\kristianseng\Documents\Visual Studio 2012\Projects\SpaceShipScanner 2\SpaceShipScanner 2\Debug\link.5172-rc.write.1.tlog
C:\Users\kristianseng\Documents\Visual Studio 2012\Projects\SpaceShipScanner 2\SpaceShipScanner 2\Debug\link.5172.read.1.tlog
C:\Users\kristianseng\Documents\Visual Studio 2012\Projects\SpaceShipScanner 2\SpaceShipScanner 2\Debug\link.5172.write.1.tlog
C:\Users\kristianseng\Documents\Visual Studio 2012\Projects\SpaceShipScanner 2\SpaceShipScanner 2\Debug\link.5296-cvtres.read.1.tlog
C:\Users\kristianseng\Documents\Visual Studio 2012\Projects\SpaceShipScanner 2\SpaceShipScanner 2\Debug\link.5296-cvtres.write.1.tlog
C:\Users\kristianseng\Documents\Visual Studio 2012\Projects\SpaceShipScanner 2\SpaceShipScanner 2\Debug\link.5296-rc.read.1.tlog
C:\Users\kristianseng\Documents\Visual Studio 2012\Projects\SpaceShipScanner 2\SpaceShipScanner 2\Debug\link.5296-rc.write.1.tlog
C:\Users\kristianseng\Documents\Visual Studio 2012\Projects\SpaceShipScanner 2\SpaceShipScanner 2\Debug\link.5296.read.1.tlog
C:\Users\kristianseng\Documents\Visual Studio 2012\Projects\SpaceShipScanner 2\SpaceShipScanner 2\Debug\link.5296.write.1.tlog
C:\Users\kristianseng\Documents\Visual Studio 2012\Projects\SpaceShipScanner 2\SpaceShipScanner 2\Debug\link.5300-cvtres.read.1.tlog
C:\Users\kristianseng\Documents\Visual Studio 2012\Projects\SpaceShipScanner 2\SpaceShipScanner 2\Debug\link.5300-cvtres.write.1.tlog
C:\Users\kristianseng\Documents\Visual Studio 2012\Projects\SpaceShipScanner 2\SpaceShipScanner 2\Debug\link.5300-rc.read.1.tlog
C:\Users\kristianseng\Documents\Visual Studio 2012\Projects\SpaceShipScanner 2\SpaceShipScanner 2\Debug\link.5300-rc.write.1.tlog
C:\Users\kristianseng\Documents\Visual Studio 2012\Projects\SpaceShipScanner 2\SpaceShipScanner 2\Debug\link.5300.read.1.tlog
C:\Users\kristianseng\Documents\Visual Studio 2012\Projects\SpaceShipScanner 2\SpaceShipScanner 2\Debug\link.5300.write.1.tlog
C:\Users\kristianseng\Documents\Visual Studio 2012\Projects\SpaceShipScanner 2\SpaceShipScanner 2\Debug\link.5344-cvtres.read.1.tlog
C:\Users\kristianseng\Documents\Visual Studio 2012\Projects\SpaceShipScanner 2\SpaceShipScanner 2\Debug\link.5344-cvtres.write.1.tlog
C:\Users\kristianseng\Documents\Visual Studio 2012\Projects\SpaceShipScanner 2\SpaceShipScanner 2\Debug\link.5344-rc.read.1.tlog
C:\Users\kristianseng\Documents\Visual Studio 2012\Projects\SpaceShipScanner 2\SpaceShipScanner 2\Debug\link.5344-rc.write.1.tlog
C:\Users\kristianseng\Documents\Visual Studio 2012\Projects\SpaceShipScanner 2\SpaceShipScanner 2\Debug\link.5344.read.1.tlog
C:\Users\kristianseng\Documents\Visual Studio 2012\Projects\SpaceShipScanner 2\SpaceShipScanner 2\Debug\link.5344.write.1.tlog
C:\Users\kristianseng\Documents\Visual Studio 2012\Projects\SpaceShipScanner 2\SpaceShipScanner 2\Debug\link.5392-cvtres.read.1.tlog
C:\Users\kristianseng\Documents\Visual Studio 2012\Projects\SpaceShipScanner 2\SpaceShipScanner 2\Debug\link.5392-cvtres.write.1.tlog
C:\Users\kristianseng\Documents\Visual Studio 2012\Projects\SpaceShipScanner 2\SpaceShipScanner 2\Debug\link.5392-rc.read.1.tlog
C:\Users\kristianseng\Documents\Visual Studio 2012\Projects\SpaceShipScanner 2\SpaceShipScanner 2\Debug\link.5392-rc.write.1.tlog
C:\Users\kristianseng\Documents\Visual Studio 2012\Projects\SpaceShipScanner 2\SpaceShipScanner 2\Debug\link.5392.read.1.tlog
C:\Users\kristianseng\Documents\Visual Studio 2012\Projects\SpaceShipScanner 2\SpaceShipScanner 2\Debug\link.5392.write.1.tlog
C:\Users\kristianseng\Documents\Visual Studio 2012\Projects\SpaceShipScanner 2\SpaceShipScanner 2\Debug\link.5436-cvtres.read.1.tlog
C:\Users\kristianseng\Documents\Visual Studio 2012\Projects\SpaceShipScanner 2\SpaceShipScanner 2\Debug\link.5436-cvtres.write.1.tlog
C:\Users\kristianseng\Documents\Visual Studio 2012\Projects\SpaceShipScanner 2\SpaceShipScanner 2\Debug\link.5436-rc.read.1.tlog
C:\Users\kristianseng\Documents\Visual Studio 2012\Projects\SpaceShipScanner 2\SpaceShipScanner 2\Debug\link.5436-rc.write.1.tlog
C:\Users\kristianseng\Documents\Visual Studio 2012\Projects\SpaceShipScanner 2\SpaceShipScanner 2\Debug\link.5436.read.1.tlog
C:\Users\kristianseng\Documents\Visual Studio 2012\Projects\SpaceShipScanner 2\SpaceShipScanner 2\Debug\link.5436.write.1.tlog
C:\Users\kristianseng\Documents\Visual Studio 2012\Projects\SpaceShipScanner 2\SpaceShipScanner 2\Debug\link.5496-cvtres.read.1.tlog
C:\Users\kristianseng\Documents\Visual Studio 2012\Projects\SpaceShipScanner 2\SpaceShipScanner 2\Debug\link.5496-cvtres.write.1.tlog
C:\Users\kristianseng\Documents\Visual Studio 2012\Projects\SpaceShipScanner 2\SpaceShipScanner 2\Debug\link.5496-rc.read.1.tlog
C:\Users\kristianseng\Documents\Visual Studio 2012\Projects\SpaceShipScanner 2\SpaceShipScanner 2\Debug\link.5496-rc.write.1.tlog
C:\Users\kristianseng\Documents\Visual Studio 2012\Projects\SpaceShipScanner 2\SpaceShipScanner 2\Debug\link.5496.read.1.tlog
C:\Users\kristianseng\Documents\Visual Studio 2012\Projects\SpaceShipScanner 2\SpaceShipScanner 2\Debug\link.5496.write.1.tlog
C:\Users\kristianseng\Documents\Visual Studio 2012\Projects\SpaceShipScanner 2\SpaceShipScanner 2\Debug\link.5528-cvtres.read.1.tlog
C:\Users\kristianseng\Documents\Visual Studio 2012\Projects\SpaceShipScanner 2\SpaceShipScanner 2\Debug\link.5528-cvtres.write.1.tlog
C:\Users\kristianseng\Documents\Visual Studio 2012\Projects\SpaceShipScanner 2\SpaceShipScanner 2\Debug\link.5528-rc.read.1.tlog
C:\Users\kristianseng\Documents\Visual Studio 2012\Projects\SpaceShipScanner 2\SpaceShipScanner 2\Debug\link.5528-rc.write.1.tlog
C:\Users\kristianseng\Documents\Visual Studio 2012\Projects\SpaceShipScanner 2\SpaceShipScanner 2\Debug\link.5528.read.1.tlog
C:\Users\kristianseng\Documents\Visual Studio 2012\Projects\SpaceShipScanner 2\SpaceShipScanner 2\Debug\link.5528.write.1.tlog
C:\Users\kristianseng\Documents\Visual Studio 2012\Projects\SpaceShipScanner 2\SpaceShipScanner 2\Debug\link.5564-cvtres.read.1.tlog
C:\Users\kristianseng\Documents\Visual Studio 2012\Projects\SpaceShipScanner 2\SpaceShipScanner 2\Debug\link.5564-cvtres.write.1.tlog
C:\Users\kristianseng\Documents\Visual Studio 2012\Projects\SpaceShipScanner 2\SpaceShipScanner 2\Debug\link.5564-rc.read.1.tlog
C:\Users\kristianseng\Documents\Visual Studio 2012\Projects\SpaceShipScanner 2\SpaceShipScanner 2\Debug\link.5564-rc.write.1.tlog
C:\Users\kristianseng\Documents\Visual Studio 2012\Projects\SpaceShipScanner 2\SpaceShipScanner 2\Debug\link.5564.read.1.tlog
C:\Users\kristianseng\Documents\Visual Studio 2012\Projects\SpaceShipScanner 2\SpaceShipScanner 2\Debug\link.5564.write.1.tlog
C:\Users\kristianseng\Documents\Visual Studio 2012\Projects\SpaceShipScanner 2\SpaceShipScanner 2\Debug\link.5648-cvtres.read.1.tlog
C:\Users\kristianseng\Documents\Visual Studio 2012\Projects\SpaceShipScanner 2\SpaceShipScanner 2\Debug\link.5648-cvtres.write.1.tlog
C:\Users\kristianseng\Documents\Visual Studio 2012\Projects\SpaceShipScanner 2\SpaceShipScanner 2\Debug\link.5648-rc.read.1.tlog
C:\Users\kristianseng\Documents\Visual Studio 2012\Projects\SpaceShipScanner 2\SpaceShipScanner 2\Debug\link.5648-rc.write.1.tlog
C:\Users\kristianseng\Documents\Visual Studio 2012\Projects\SpaceShipScanner 2\SpaceShipScanner 2\Debug\link.5648.read.1.tlog
C:\Users\kristianseng\Documents\Visual Studio 2012\Projects\SpaceShipScanner 2\SpaceShipScanner 2\Debug\link.5648.write.1.tlog
C:\Users\kristianseng\Documents\Visual Studio 2012\Projects\SpaceShipScanner 2\SpaceShipScanner 2\Debug\link.5688-cvtres.read.1.tlog
C:\Users\kristianseng\Documents\Visual Studio 2012\Projects\SpaceShipScanner 2\SpaceShipScanner 2\Debug\link.5688-cvtres.write.1.tlog
C:\Users\kristianseng\Documents\Visual Studio 2012\Projects\SpaceShipScanner 2\SpaceShipScanner 2\Debug\link.5688-rc.read.1.tlog
C:\Users\kristianseng\Documents\Visual Studio 2012\Projects\SpaceShipScanner 2\SpaceShipScanner 2\Debug\link.5688-rc.write.1.tlog
C:\Users\kristianseng\Documents\Visual Studio 2012\Projects\SpaceShipScanner 2\SpaceShipScanner 2\Debug\link.5688.read.1.tlog
C:\Users\kristianseng\Documents\Visual Studio 2012\Projects\SpaceShipScanner 2\SpaceShipScanner 2\Debug\link.5688.write.1.tlog
C:\Users\kristianseng\Documents\Visual Studio 2012\Projects\SpaceShipScanner 2\SpaceShipScanner 2\Debug\link.5728-cvtres.read.1.tlog
C:\Users\kristianseng\Documents\Visual Studio 2012\Projects\SpaceShipScanner 2\SpaceShipScanner 2\Debug\link.5728-cvtres.write.1.tlog
C:\Users\kristianseng\Documents\Visual Studio 2012\Projects\SpaceShipScanner 2\SpaceShipScanner 2\Debug\link.5728-rc.read.1.tlog
C:\Users\kristianseng\Documents\Visual Studio 2012\Projects\SpaceShipScanner 2\SpaceShipScanner 2\Debug\link.5728-rc.write.1.tlog
C:\Users\kristianseng\Documents\Visual Studio 2012\Projects\SpaceShipScanner 2\SpaceShipScanner 2\Debug\link.5728.read.1.tlog
C:\Users\kristianseng\Documents\Visual Studio 2012\Projects\SpaceShipScanner 2\SpaceShipScanner 2\Debug\link.5728.write.1.tlog
C:\Users\kristianseng\Documents\Visual Studio 2012\Projects\SpaceShipScanner 2\SpaceShipScanner 2\Debug\link.5860-cvtres.read.1.tlog
C:\Users\kristianseng\Documents\Visual Studio 2012\Projects\SpaceShipScanner 2\SpaceShipScanner 2\Debug\link.5860-cvtres.write.1.tlog
C:\Users\kristianseng\Documents\Visual Studio 2012\Projects\SpaceShipScanner 2\SpaceShipScanner 2\Debug\link.5860-rc.read.1.tlog
C:\Users\kristianseng\Documents\Visual Studio 2012\Projects\SpaceShipScanner 2\SpaceShipScanner 2\Debug\link.5860-rc.write.1.tlog
C:\Users\kristianseng\Documents\Visual Studio 2012\Projects\SpaceShipScanner 2\SpaceShipScanner 2\Debug\link.5860.read.1.tlog
C:\Users\kristianseng\Documents\Visual Studio 2012\Projects\SpaceShipScanner 2\SpaceShipScanner 2\Debug\link.5860.write.1.tlog
C:\Users\kristianseng\Documents\Visual Studio 2012\Projects\SpaceShipScanner 2\SpaceShipScanner 2\Debug\link.5956-cvtres.read.1.tlog
C:\Users\kristianseng\Documents\Visual Studio 2012\Projects\SpaceShipScanner 2\SpaceShipScanner 2\Debug\link.5956-cvtres.write.1.tlog
C:\Users\kristianseng\Documents\Visual Studio 2012\Projects\SpaceShipScanner 2\SpaceShipScanner 2\Debug\link.5956-rc.read.1.tlog
C:\Users\kristianseng\Documents\Visual Studio 2012\Projects\SpaceShipScanner 2\SpaceShipScanner 2\Debug\link.5956-rc.write.1.tlog
C:\Users\kristianseng\Documents\Visual Studio 2012\Projects\SpaceShipScanner 2\SpaceShipScanner 2\Debug\link.5956.read.1.tlog
C:\Users\kristianseng\Documents\Visual Studio 2012\Projects\SpaceShipScanner 2\SpaceShipScanner 2\Debug\link.5956.write.1.tlog
C:\Users\kristianseng\Documents\Visual Studio 2012\Projects\SpaceShipScanner 2\SpaceShipScanner 2\Debug\link.6012-cvtres.read.1.tlog
C:\Users\kristianseng\Documents\Visual Studio 2012\Projects\SpaceShipScanner 2\SpaceShipScanner 2\Debug\link.6012-cvtres.write.1.tlog
C:\Users\kristianseng\Documents\Visual Studio 2012\Projects\SpaceShipScanner 2\SpaceShipScanner 2\Debug\link.6012-rc.read.1.tlog
C:\Users\kristianseng\Documents\Visual Studio 2012\Projects\SpaceShipScanner 2\SpaceShipScanner 2\Debug\link.6012-rc.write.1.tlog
C:\Users\kristianseng\Documents\Visual Studio 2012\Projects\SpaceShipScanner 2\SpaceShipScanner 2\Debug\link.6012.read.1.tlog
C:\Users\kristianseng\Documents\Visual Studio 2012\Projects\SpaceShipScanner 2\SpaceShipScanner 2\Debug\link.6012.write.1.tlog
C:\Users\kristianseng\Documents\Visual Studio 2012\Projects\SpaceShipScanner 2\SpaceShipScanner 2\Debug\link.6044-cvtres.read.1.tlog
C:\Users\kristianseng\Documents\Visual Studio 2012\Projects\SpaceShipScanner 2\SpaceShipScanner 2\Debug\link.6044-cvtres.write.1.tlog
C:\Users\kristianseng\Documents\Visual Studio 2012\Projects\SpaceShipScanner 2\SpaceShipScanner 2\Debug\link.6044-rc.read.1.tlog
C:\Users\kristianseng\Documents\Visual Studio 2012\Projects\SpaceShipScanner 2\SpaceShipScanner 2\Debug\link.6044-rc.write.1.tlog
C:\Users\kristianseng\Documents\Visual Studio 2012\Projects\SpaceShipScanner 2\SpaceShipScanner 2\Debug\link.6044.read.1.tlog
C:\Users\kristianseng\Documents\Visual Studio 2012\Projects\SpaceShipScanner 2\SpaceShipScanner 2\Debug\link.6044.write.1.tlog
C:\Users\kristianseng\Documents\Visual Studio 2012\Projects\SpaceShipScanner 2\SpaceShipScanner 2\Debug\link.6096-cvtres.read.1.tlog
C:\Users\kristianseng\Documents\Visual Studio 2012\Projects\SpaceShipScanner 2\SpaceShipScanner 2\Debug\link.6096-cvtres.write.1.tlog
C:\Users\kristianseng\Documents\Visual Studio 2012\Projects\SpaceShipScanner 2\SpaceShipScanner 2\Debug\link.6096-rc.read.1.tlog
C:\Users\kristianseng\Documents\Visual Studio 2012\Projects\SpaceShipScanner 2\SpaceShipScanner 2\Debug\link.6096-rc.write.1.tlog
C:\Users\kristianseng\Documents\Visual Studio 2012\Projects\SpaceShipScanner 2\SpaceShipScanner 2\Debug\link.6096.read.1.tlog
C:\Users\kristianseng\Documents\Visual Studio 2012\Projects\SpaceShipScanner 2\SpaceShipScanner 2\Debug\link.6096.write.1.tlog
C:\Users\kristianseng\Documents\Visual Studio 2012\Projects\SpaceShipScanner 2\SpaceShipScanner 2\Debug\link.6172-cvtres.read.1.tlog
C:\Users\kristianseng\Documents\Visual Studio 2012\Projects\SpaceShipScanner 2\SpaceShipScanner 2\Debug\link.6172-cvtres.write.1.tlog
C:\Users\kristianseng\Documents\Visual Studio 2012\Projects\SpaceShipScanner 2\SpaceShipScanner 2\Debug\link.6172-rc.read.1.tlog
C:\Users\kristianseng\Documents\Visual Studio 2012\Projects\SpaceShipScanner 2\SpaceShipScanner 2\Debug\link.6172-rc.write.1.tlog
C:\Users\kristianseng\Documents\Visual Studio 2012\Projects\SpaceShipScanner 2\SpaceShipScanner 2\Debug\link.6172.read.1.tlog
C:\Users\kristianseng\Documents\Visual Studio 2012\Projects\SpaceShipScanner 2\SpaceShipScanner 2\Debug\link.6172.write.1.tlog
C:\Users\kristianseng\Documents\Visual Studio 2012\Projects\SpaceShipScanner 2\SpaceShipScanner 2\Debug\link.6380-cvtres.read.1.tlog
C:\Users\kristianseng\Documents\Visual Studio 2012\Projects\SpaceShipScanner 2\SpaceShipScanner 2\Debug\link.6380-cvtres.write.1.tlog
C:\Users\kristianseng\Documents\Visual Studio 2012\Projects\SpaceShipScanner 2\SpaceShipScanner 2\Debug\link.6380-rc.read.1.tlog
C:\Users\kristianseng\Documents\Visual Studio 2012\Projects\SpaceShipScanner 2\SpaceShipScanner 2\Debug\link.6380-rc.write.1.tlog
C:\Users\kristianseng\Documents\Visual Studio 2012\Projects\SpaceShipScanner 2\SpaceShipScanner 2\Debug\link.6380.read.1.tlog
C:\Users\kristianseng\Documents\Visual Studio 2012\Projects\SpaceShipScanner 2\SpaceShipScanner 2\Debug\link.6380.write.1.tlog
C:\Users\kristianseng\Documents\Visual Studio 2012\Projects\SpaceShipScanner 2\SpaceShipScanner 2\Debug\link.6724-cvtres.read.1.tlog
C:\Users\kristianseng\Documents\Visual Studio 2012\Projects\SpaceShipScanner 2\SpaceShipScanner 2\Debug\link.6724-cvtres.write.1.tlog
C:\Users\kristianseng\Documents\Visual Studio 2012\Projects\SpaceShipScanner 2\SpaceShipScanner 2\Debug\link.6724-rc.read.1.tlog
C:\Users\kristianseng\Documents\Visual Studio 2012\Projects\SpaceShipScanner 2\SpaceShipScanner 2\Debug\link.6724-rc.write.1.tlog
C:\Users\kristianseng\Documents\Visual Studio 2012\Projects\SpaceShipScanner 2\SpaceShipScanner 2\Debug\link.6724.read.1.tlog
C:\Users\kristianseng\Documents\Visual Studio 2012\Projects\SpaceShipScanner 2\SpaceShipScanner 2\Debug\link.6724.write.1.tlog
C:\Users\kristianseng\Documents\Visual Studio 2012\Projects\SpaceShipScanner 2\SpaceShipScanner 2\Debug\link.6748-cvtres.read.1.tlog
C:\Users\kristianseng\Documents\Visual Studio 2012\Projects\SpaceShipScanner 2\SpaceShipScanner 2\Debug\link.6748-cvtres.write.1.tlog
C:\Users\kristianseng\Documents\Visual Studio 2012\Projects\SpaceShipScanner 2\SpaceShipScanner 2\Debug\link.6748-rc.read.1.tlog
C:\Users\kristianseng\Documents\Visual Studio 2012\Projects\SpaceShipScanner 2\SpaceShipScanner 2\Debug\link.6748-rc.write.1.tlog
C:\Users\kristianseng\Documents\Visual Studio 2012\Projects\SpaceShipScanner 2\SpaceShipScanner 2\Debug\link.6748.read.1.tlog
C:\Users\kristianseng\Documents\Visual Studio 2012\Projects\SpaceShipScanner 2\SpaceShipScanner 2\Debug\link.6748.write.1.tlog
C:\Users\kristianseng\Documents\Visual Studio 2012\Projects\SpaceShipScanner 2\SpaceShipScanner 2\Debug\link.6780-cvtres.read.1.tlog
C:\Users\kristianseng\Documents\Visual Studio 2012\Projects\SpaceShipScanner 2\SpaceShipScanner 2\Debug\link.6780-cvtres.write.1.tlog
C:\Users\kristianseng\Documents\Visual Studio 2012\Projects\SpaceShipScanner 2\SpaceShipScanner 2\Debug\link.6780-rc.read.1.tlog
C:\Users\kristianseng\Documents\Visual Studio 2012\Projects\SpaceShipScanner 2\SpaceShipScanner 2\Debug\link.6780-rc.write.1.tlog
C:\Users\kristianseng\Documents\Visual Studio 2012\Projects\SpaceShipScanner 2\SpaceShipScanner 2\Debug\link.6780.read.1.tlog
C:\Users\kristianseng\Documents\Visual Studio 2012\Projects\SpaceShipScanner 2\SpaceShipScanner 2\Debug\link.6780.write.1.tlog
C:\Users\kristianseng\Documents\Visual Studio 2012\Projects\SpaceShipScanner 2\SpaceShipScanner 2\Debug\link.6896-cvtres.read.1.tlog
C:\Users\kristianseng\Documents\Visual Studio 2012\Projects\SpaceShipScanner 2\SpaceShipScanner 2\Debug\link.6896-cvtres.write.1.tlog
C:\Users\kristianseng\Documents\Visual Studio 2012\Projects\SpaceShipScanner 2\SpaceShipScanner 2\Debug\link.6896-rc.read.1.tlog
C:\Users\kristianseng\Documents\Visual Studio 2012\Projects\SpaceShipScanner 2\SpaceShipScanner 2\Debug\link.6896-rc.write.1.tlog
C:\Users\kristianseng\Documents\Visual Studio 2012\Projects\SpaceShipScanner 2\SpaceShipScanner 2\Debug\link.6896.read.1.tlog
C:\Users\kristianseng\Documents\Visual Studio 2012\Projects\SpaceShipScanner 2\SpaceShipScanner 2\Debug\link.6896.write.1.tlog
C:\Users\kristianseng\Documents\Visual Studio 2012\Projects\SpaceShipScanner 2\SpaceShipScanner 2\Debug\link.6940-cvtres.read.1.tlog
C:\Users\kristianseng\Documents\Visual Studio 2012\Projects\SpaceShipScanner 2\SpaceShipScanner 2\Debug\link.6940-cvtres.write.1.tlog
C:\Users\kristianseng\Documents\Visual Studio 2012\Projects\SpaceShipScanner 2\SpaceShipScanner 2\Debug\link.6940-rc.read.1.tlog
C:\Users\kristianseng\Documents\Visual Studio 2012\Projects\SpaceShipScanner 2\SpaceShipScanner 2\Debug\link.6940-rc.write.1.tlog
C:\Users\kristianseng\Documents\Visual Studio 2012\Projects\SpaceShipScanner 2\SpaceShipScanner 2\Debug\link.6940.read.1.tlog
C:\Users\kristianseng\Documents\Visual Studio 2012\Projects\SpaceShipScanner 2\SpaceShipScanner 2\Debug\link.6940.write.1.tlog
C:\Users\kristianseng\Documents\Visual Studio 2012\Projects\SpaceShipScanner 2\SpaceShipScanner 2\Debug\link.784-cvtres.read.1.tlog
C:\Users\kristianseng\Documents\Visual Studio 2012\Projects\SpaceShipScanner 2\SpaceShipScanner 2\Debug\link.784-cvtres.write.1.tlog
C:\Users\kristianseng\Documents\Visual Studio 2012\Projects\SpaceShipScanner 2\SpaceShipScanner 2\Debug\link.784-rc.read.1.tlog
C:\Users\kristianseng\Documents\Visual Studio 2012\Projects\SpaceShipScanner 2\SpaceShipScanner 2\Debug\link.784-rc.write.1.tlog
C:\Users\kristianseng\Documents\Visual Studio 2012\Projects\SpaceShipScanner 2\SpaceShipScanner 2\Debug\link.784.read.1.tlog
C:\Users\kristianseng\Documents\Visual Studio 2012\Projects\SpaceShipScanner 2\SpaceShipScanner 2\Debug\link.784.write.1.tlog
C:\Users\kristianseng\Documents\Visual Studio 2012\Projects\SpaceShipScanner 2\SpaceShipScanner 2\Debug\link.836-cvtres.read.1.tlog
C:\Users\kristianseng\Documents\Visual Studio 2012\Projects\SpaceShipScanner 2\SpaceShipScanner 2\Debug\link.836-cvtres.write.1.tlog
C:\Users\kristianseng\Documents\Visual Studio 2012\Projects\SpaceShipScanner 2\SpaceShipScanner 2\Debug\link.836-rc.read.1.tlog
C:\Users\kristianseng\Documents\Visual Studio 2012\Projects\SpaceShipScanner 2\SpaceShipScanner 2\Debug\link.836-rc.write.1.tlog
C:\Users\kristianseng\Documents\Visual Studio 2012\Projects\SpaceShipScanner 2\SpaceShipScanner 2\Debug\link.836.read.1.tlog
C:\Users\kristianseng\Documents\Visual Studio 2012\Projects\SpaceShipScanner 2\SpaceShipScanner 2\Debug\link.836.write.1.tlog
C:\Users\kristianseng\Documents\Visual Studio 2012\Projects\SpaceShipScanner 2\SpaceShipScanner 2\Debug\link.876-cvtres.read.1.tlog
C:\Users\kristianseng\Documents\Visual Studio 2012\Projects\SpaceShipScanner 2\SpaceShipScanner 2\Debug\link.876-cvtres.write.1.tlog
C:\Users\kristianseng\Documents\Visual Studio 2012\Projects\SpaceShipScanner 2\SpaceShipScanner 2\Debug\link.876-rc.read.1.tlog
C:\Users\kristianseng\Documents\Visual Studio 2012\Projects\SpaceShipScanner 2\SpaceShipScanner 2\Debug\link.876-rc.write.1.tlog
C:\Users\kristianseng\Documents\Visual Studio 2012\Projects\SpaceShipScanner 2\SpaceShipScanner 2\Debug\link.876.read.1.tlog
C:\Users\kristianseng\Documents\Visual Studio 2012\Projects\SpaceShipScanner 2\SpaceShipScanner 2\Debug\link.876.write.1.tlog
C:\Users\kristianseng\Documents\Visual Studio 2012\Projects\SpaceShipScanner 2\SpaceShipScanner 2\Debug\link.892-cvtres.read.1.tlog
C:\Users\kristianseng\Documents\Visual Studio 2012\Projects\SpaceShipScanner 2\SpaceShipScanner 2\Debug\link.892-cvtres.write.1.tlog
C:\Users\kristianseng\Documents\Visual Studio 2012\Projects\SpaceShipScanner 2\SpaceShipScanner 2\Debug\link.892-rc.read.1.tlog
C:\Users\kristianseng\Documents\Visual Studio 2012\Projects\SpaceShipScanner 2\SpaceShipScanner 2\Debug\link.892-rc.write.1.tlog
C:\Users\kristianseng\Documents\Visual Studio 2012\Projects\SpaceShipScanner 2\SpaceShipScanner 2\Debug\link.892.read.1.tlog
C:\Users\kristianseng\Documents\Visual Studio 2012\Projects\SpaceShipScanner 2\SpaceShipScanner 2\Debug\link.892.write.1.tlog
C:\Users\kristianseng\Documents\Visual Studio 2012\Projects\SpaceShipScanner 2\SpaceShipScanner 2\Debug\link.command.1.tlog
C:\Users\kristianseng\Documents\Visual Studio 2012\Projects\SpaceShipScanner 2\SpaceShipScanner 2\Debug\link.read.1.tlog
C:\Users\kristianseng\Documents\Visual Studio 2012\Projects\SpaceShipScanner 2\SpaceShipScanner 2\Debug\link.write.1.tlog
C:\Users\kristianseng\Documents\Visual Studio 2012\Projects\SpaceShipScanner 2\SpaceShipScanner 2\Debug\rc.command.1.tlog
C:\Users\kristianseng\Documents\Visual Studio 2012\Projects\SpaceShipScanner 2\SpaceShipScanner 2\Debug\rc.read.1.tlog
C:\Users\kristianseng\Documents\Visual Studio 2012\Projects\SpaceShipScanner 2\SpaceShipScanner 2\Debug\rc.write.1.tlog
C:\Users\kristianseng\Documents\Visual Studio 2012\Projects\SpaceShipScanner 2\SpaceShipScanner 2\Debug\SpaceShipScannerGraphics.res
C:\Users\kristianseng\Documents\Visual Studio 2012\Projects\SpaceShipScanner 2\SpaceShipScanner 2\Debug\vc110.idb
C:\Users\kristianseng\Documents\Visual Studio 2012\Projects\SpaceShipScanner 2\SpaceShipScanner 2\Debug\vc110.pdb
C:\Users\kristianseng\Documents\Visual Studio 2012\Projects\SpaceShipScanner 2\Debug\SpaceShipScanner 2.pdb
C:\Users\kristianseng\Documents\Visual Studio 2012\Projects\SpaceShipScanner 2\Debug\SpaceShipScanner 2.exe
C:\Users\kristianseng\Documents\Visual Studio 2012\Projects\SpaceShipScanner 2\Debug\SpaceShipScanner 2.ilk
